<?xml version="1.0" encoding="UTF-8"?>
<testng-results ignored="0" total="1" passed="1" failed="0" skipped="0">
  <reporter-output>
  </reporter-output>
  <suite started-at="2022-09-16T17:31:07 IST" name="Default suite" finished-at="2022-09-16T17:31:17 IST" duration-ms="10114">
    <groups>
    </groups>
    <test started-at="2022-09-16T17:31:07 IST" name="Default test" finished-at="2022-09-16T17:31:17 IST" duration-ms="10114">
      <class name="RGN.ExtentReports.ExtentReportDemo">
        <test-method is-config="true" signature="config()[pri:0, instance:RGN.ExtentReports.ExtentReportDemo@6574a52c]" started-at="2022-09-16T17:31:07 IST" name="config" finished-at="2022-09-16T17:31:07 IST" duration-ms="278" status="PASS">
          <reporter-output>
          </reporter-output>
        </test-method> <!-- config -->
        <test-method signature="initialDemo()[pri:0, instance:RGN.ExtentReports.ExtentReportDemo@6574a52c]" started-at="2022-09-16T17:31:07 IST" name="initialDemo" finished-at="2022-09-16T17:31:17 IST" duration-ms="9784" status="PASS">
          <reporter-output>
          </reporter-output>
        </test-method> <!-- initialDemo -->
      </class> <!-- RGN.ExtentReports.ExtentReportDemo -->
    </test> <!-- Default test -->
  </suite> <!-- Default suite -->
</testng-results>
